<?xml version="1.0" encoding="UTF-8"?>
<testsuite name="DrivableMapTest" tests="1" skipped="0" failures="0" errors="0" timestamp="2022-10-07T18:04:17" hostname="DESKTOP-2CF6DAK" time="0.005">
  <properties/>
  <testcase name="testAddDrivable" classname="DrivableMapTest" time="0.005"/>
  <system-out><![CDATA[]]></system-out>
  <system-err><![CDATA[]]></system-err>
</testsuite>
